<?xml version="1.0" encoding="UTF-8"?>
<!-- Generated by org.testng.reporters.JUnitXMLReporter -->
<testsuite ignored="0" hostname="LegionSimone" failures="1" tests="16" name="ApiTesting" time="5.478" errors="0" timestamp="2021-09-20T14:34:02 CEST">
  <testcase classname="tests.ApiTest" name="DeleteThePost" time="1.051"/>
  <testcase classname="tests.ApiTest" name="DeleteTheUser" time="0.354"/>
  <testcase classname="tests.ApiTest" name="GetAllAlbumOfTheUser" time="0.357"/>
  <testcase classname="tests.ApiTest" name="GetAllAlbums" time="0.107"/>
  <testcase classname="tests.ApiTest" name="GetAllPostOfTheUser" time="0.37"/>
  <testcase classname="tests.ApiTest" name="GetAllPosts" time="0.095"/>
  <testcase classname="tests.ApiTest" name="GetAllTodoOfTheUser" time="0.362"/>
  <testcase classname="tests.ApiTest" name="GetAllTodos" time="0.138"/>
  <testcase classname="tests.ApiTest" name="GetAllUsers" time="0.095"/>
  <testcase classname="tests.ApiTest" name="PatchThePost" time="0.369"/>
  <testcase classname="tests.ApiTest" name="PerformCall" time="0.0">
    <failure type="org.testng.TestNGException" message="
Parameter &amp;apos;basepath&amp;apos; is required by @Test on method PerformCall but has not been marked @Optional or defined
in C:\Users\simon\AppData\Local\JetBrains\IdeaIC2021.2\temp-testng-customsuite.xml">
      <![CDATA[org.testng.TestNGException: 
Parameter 'basepath' is required by @Test on method PerformCall but has not been marked @Optional or defined
in C:\Users\simon\AppData\Local\JetBrains\IdeaIC2021.2\temp-testng-customsuite.xml
at java.base/java.util.ArrayList.forEach(ArrayList.java:1541)
at com.intellij.rt.testng.IDEARemoteTestNG.run(IDEARemoteTestNG.java:66)
at com.intellij.rt.testng.RemoteTestNGStarter.main(RemoteTestNGStarter.java:109)
... Removed 23 stack frames]]>
    </failure>
  </testcase> <!-- PerformCall -->
  <testcase classname="tests.ApiTest" name="PostNewAlbumForTheUser" time="0.409"/>
  <testcase classname="tests.ApiTest" name="PostNewPost" time="0.367"/>
  <testcase classname="tests.ApiTest" name="PostNewPostForTheUser" time="0.35"/>
  <testcase classname="tests.ApiTest" name="PostNewTODoForTheUser" time="0.341"/>
  <testcase classname="tests.ApiTest" name="PutThePost" time="0.366"/>
</testsuite> <!-- ApiTesting -->
