<html>
<head>
<title>TestNG:  ApiTesting</title>
<link href="../testng.css" rel="stylesheet" type="text/css" />
<link href="../my-testng.css" rel="stylesheet" type="text/css" />

<style type="text/css">
.log { display: none;} 
.stack-trace { display: none;} 
</style>
<script type="text/javascript">
<!--
function flip(e) {
  current = e.style.display;
  if (current == 'block') {
    e.style.display = 'none';
    return 0;
  }
  else {
    e.style.display = 'block';
    return 1;
  }
}

function toggleBox(szDivId, elem, msg1, msg2)
{
  var res = -1;  if (document.getElementById) {
    res = flip(document.getElementById(szDivId));
  }
  else if (document.all) {
    // this is the way old msie versions work
    res = flip(document.all[szDivId]);
  }
  if(elem) {
    if(res == 0) elem.innerHTML = msg1; else elem.innerHTML = msg2;
  }

}

function toggleAllBoxes() {
  if (document.getElementsByTagName) {
    d = document.getElementsByTagName('div');
    for (i = 0; i < d.length; i++) {
      if (d[i].className == 'log') {
        flip(d[i]);
      }
    }
  }
}

// -->
</script>

</head>
<body>
<h2 align='center'>ApiTesting</h2><table border='1' align="center">
<tr>
<td>Tests passed/Failed/Skipped:</td><td>15/1/0</td>
</tr><tr>
<td>Started on:</td><td>Mon Sep 20 14:33:57 CEST 2021</td>
</tr>
<tr><td>Total time:</td><td>5 seconds (5478 ms)</td>
</tr><tr>
<td>Included groups:</td><td></td>
</tr><tr>
<td>Excluded groups:</td><td></td>
</tr>
</table><p/>
<small><i>(Hover the method name to see the test class name)</i></small><p/>
<table width='100%' border='1' class='invocation-failed'>
<tr><td colspan='4' align='center'><b>FAILED TESTS</b></td></tr>
<tr><td><b>Test method</b></td>
<td width="30%"><b>Exception</b></td>
<td width="10%"><b>Time (seconds)</b></td>
<td><b>Instance</b></td>
</tr>
<tr>
<td title='tests.ApiTest.PerformCall()'><b>PerformCall</b><br>Test class: tests.ApiTest</td>
<td><div><pre>org.testng.TestNGException: 
Parameter &apos;basepath&apos; is required by @Test on method PerformCall but has not been marked @Optional or defined
in C:\Users\simon\AppData\Local\JetBrains\IdeaIC2021.2\temp-testng-customsuite.xml
	at java.base/java.util.ArrayList.forEach(ArrayList.java:1541)
	at com.intellij.rt.testng.IDEARemoteTestNG.run(IDEARemoteTestNG.java:66)
	at com.intellij.rt.testng.RemoteTestNGStarter.main(RemoteTestNGStarter.java:109)
... Removed 23 stack frames</pre></div><a href='#' onClick='toggleBox("stack-trace613017674", this, "Click to show all stack frames", "Click to hide stack frames")'>Click to show all stack frames</a>
<div class='stack-trace' id='stack-trace613017674'><pre>org.testng.TestNGException: 
Parameter &apos;basepath&apos; is required by @Test on method PerformCall but has not been marked @Optional or defined
in C:\Users\simon\AppData\Local\JetBrains\IdeaIC2021.2\temp-testng-customsuite.xml
	at org.testng.internal.Parameters.createParams(Parameters.java:270)
	at org.testng.internal.Parameters.createParametersForMethod(Parameters.java:358)
	at org.testng.internal.Parameters.createParameters(Parameters.java:700)
	at org.testng.internal.Parameters.handleParameters(Parameters.java:884)
	at org.testng.internal.Parameters.handleParameters(Parameters.java:740)
	at org.testng.internal.ParameterHandler.handleParameters(ParameterHandler.java:59)
	at org.testng.internal.ParameterHandler.createParameters(ParameterHandler.java:38)
	at org.testng.internal.TestInvoker$MethodInvocationAgent.invoke(TestInvoker.java:791)
	at org.testng.internal.TestInvoker.invokeTestMethods(TestInvoker.java:146)
	at org.testng.internal.TestMethodWorker.invokeTestMethods(TestMethodWorker.java:146)
	at org.testng.internal.TestMethodWorker.run(TestMethodWorker.java:128)
	at java.base/java.util.ArrayList.forEach(ArrayList.java:1541)
	at org.testng.TestRunner.privateRun(TestRunner.java:794)
	at org.testng.TestRunner.run(TestRunner.java:596)
	at org.testng.SuiteRunner.runTest(SuiteRunner.java:377)
	at org.testng.SuiteRunner.runSequentially(SuiteRunner.java:371)
	at org.testng.SuiteRunner.privateRun(SuiteRunner.java:332)
	at org.testng.SuiteRunner.run(SuiteRunner.java:276)
	at org.testng.SuiteRunnerWorker.runSuite(SuiteRunnerWorker.java:53)
	at org.testng.SuiteRunnerWorker.run(SuiteRunnerWorker.java:96)
	at org.testng.TestNG.runSuitesSequentially(TestNG.java:1212)
	at org.testng.TestNG.runSuitesLocally(TestNG.java:1134)
	at org.testng.TestNG.runSuites(TestNG.java:1063)
	at org.testng.TestNG.run(TestNG.java:1031)
	at com.intellij.rt.testng.IDEARemoteTestNG.run(IDEARemoteTestNG.java:66)
	at com.intellij.rt.testng.RemoteTestNGStarter.main(RemoteTestNGStarter.java:109)
</pre></div></td>
<td>0</td>
<td>tests.ApiTest@78aa1f72</td></tr>
</table><p>
<table width='100%' border='1' class='invocation-passed'>
<tr><td colspan='4' align='center'><b>PASSED TESTS</b></td></tr>
<tr><td><b>Test method</b></td>
<td width="30%"><b>Exception</b></td>
<td width="10%"><b>Time (seconds)</b></td>
<td><b>Instance</b></td>
</tr>
<tr>
<td title='tests.ApiTest.GetAllTodos()'><b>GetAllTodos</b><br>Test class: tests.ApiTest</td>
<td></td>
<td>0</td>
<td>tests.ApiTest@78aa1f72</td></tr>
<tr>
<td title='tests.ApiTest.PostNewAlbumForTheUser()'><b>PostNewAlbumForTheUser</b><br>Test class: tests.ApiTest</td>
<td></td>
<td>0</td>
<td>tests.ApiTest@78aa1f72</td></tr>
<tr>
<td title='tests.ApiTest.GetAllUsers()'><b>GetAllUsers</b><br>Test class: tests.ApiTest</td>
<td></td>
<td>0</td>
<td>tests.ApiTest@78aa1f72</td></tr>
<tr>
<td title='tests.ApiTest.PostNewPost()'><b>PostNewPost</b><br>Test class: tests.ApiTest</td>
<td></td>
<td>0</td>
<td>tests.ApiTest@78aa1f72</td></tr>
<tr>
<td title='tests.ApiTest.PatchThePost()'><b>PatchThePost</b><br>Test class: tests.ApiTest</td>
<td></td>
<td>0</td>
<td>tests.ApiTest@78aa1f72</td></tr>
<tr>
<td title='tests.ApiTest.DeleteThePost()'><b>DeleteThePost</b><br>Test class: tests.ApiTest</td>
<td></td>
<td>1</td>
<td>tests.ApiTest@78aa1f72</td></tr>
<tr>
<td title='tests.ApiTest.GetAllPosts()'><b>GetAllPosts</b><br>Test class: tests.ApiTest</td>
<td></td>
<td>0</td>
<td>tests.ApiTest@78aa1f72</td></tr>
<tr>
<td title='tests.ApiTest.GetAllAlbums()'><b>GetAllAlbums</b><br>Test class: tests.ApiTest</td>
<td></td>
<td>0</td>
<td>tests.ApiTest@78aa1f72</td></tr>
<tr>
<td title='tests.ApiTest.PostNewTODoForTheUser()'><b>PostNewTODoForTheUser</b><br>Test class: tests.ApiTest</td>
<td></td>
<td>0</td>
<td>tests.ApiTest@78aa1f72</td></tr>
<tr>
<td title='tests.ApiTest.PostNewPostForTheUser()'><b>PostNewPostForTheUser</b><br>Test class: tests.ApiTest</td>
<td></td>
<td>0</td>
<td>tests.ApiTest@78aa1f72</td></tr>
<tr>
<td title='tests.ApiTest.PutThePost()'><b>PutThePost</b><br>Test class: tests.ApiTest</td>
<td></td>
<td>0</td>
<td>tests.ApiTest@78aa1f72</td></tr>
<tr>
<td title='tests.ApiTest.GetAllPostOfTheUser()'><b>GetAllPostOfTheUser</b><br>Test class: tests.ApiTest</td>
<td></td>
<td>0</td>
<td>tests.ApiTest@78aa1f72</td></tr>
<tr>
<td title='tests.ApiTest.GetAllTodoOfTheUser()'><b>GetAllTodoOfTheUser</b><br>Test class: tests.ApiTest</td>
<td></td>
<td>0</td>
<td>tests.ApiTest@78aa1f72</td></tr>
<tr>
<td title='tests.ApiTest.DeleteTheUser()'><b>DeleteTheUser</b><br>Test class: tests.ApiTest</td>
<td></td>
<td>0</td>
<td>tests.ApiTest@78aa1f72</td></tr>
<tr>
<td title='tests.ApiTest.GetAllAlbumOfTheUser()'><b>GetAllAlbumOfTheUser</b><br>Test class: tests.ApiTest</td>
<td></td>
<td>0</td>
<td>tests.ApiTest@78aa1f72</td></tr>
</table><p>
</body>
</html>