<?xml version="1.0" encoding="UTF-8"?>
<!-- Generated by org.testng.reporters.JUnitReportReporter -->
<testsuite hostname="LegionSimone" failures="0" tests="10" name="tests.ApiTest" time="2.347" errors="1" timestamp="2021-09-19T08:26:07 CEST" skipped="0">
  <testcase classname="tests.ApiTest" name="GetAllAlbumOfTheUser" time="0.125"/>
  <system-out/>
  <testcase classname="tests.ApiTest" name="PerformCall" time="0.000">
    <error message="
Parameter &#039;basepath&#039; is required by @Test on method PerformCall but has not been marked @Optional or defined
in C:\Users\simon\AppData\Local\JetBrains\IdeaIC2021.2\temp-testng-customsuite.xml" type="org.testng.TestNGException">
      <![CDATA[org.testng.TestNGException: 
Parameter 'basepath' is required by @Test on method PerformCall but has not been marked @Optional or defined
in C:\Users\simon\AppData\Local\JetBrains\IdeaIC2021.2\temp-testng-customsuite.xml
at org.testng.internal.Parameters.createParams(Parameters.java:270)
at org.testng.internal.Parameters.createParametersForMethod(Parameters.java:358)
at org.testng.internal.Parameters.createParameters(Parameters.java:700)
at org.testng.internal.Parameters.handleParameters(Parameters.java:884)
at org.testng.internal.Parameters.handleParameters(Parameters.java:740)
at org.testng.internal.ParameterHandler.handleParameters(ParameterHandler.java:59)
at org.testng.internal.ParameterHandler.createParameters(ParameterHandler.java:38)
at org.testng.internal.TestInvoker$MethodInvocationAgent.invoke(TestInvoker.java:791)
at org.testng.internal.TestInvoker.invokeTestMethods(TestInvoker.java:146)
at org.testng.internal.TestMethodWorker.invokeTestMethods(TestMethodWorker.java:146)
at org.testng.internal.TestMethodWorker.run(TestMethodWorker.java:128)
at java.base/java.util.ArrayList.forEach(ArrayList.java:1541)
at org.testng.TestRunner.privateRun(TestRunner.java:794)
at org.testng.TestRunner.run(TestRunner.java:596)
at org.testng.SuiteRunner.runTest(SuiteRunner.java:377)
at org.testng.SuiteRunner.runSequentially(SuiteRunner.java:371)
at org.testng.SuiteRunner.privateRun(SuiteRunner.java:332)
at org.testng.SuiteRunner.run(SuiteRunner.java:276)
at org.testng.SuiteRunnerWorker.runSuite(SuiteRunnerWorker.java:53)
at org.testng.SuiteRunnerWorker.run(SuiteRunnerWorker.java:96)
at org.testng.TestNG.runSuitesSequentially(TestNG.java:1212)
at org.testng.TestNG.runSuitesLocally(TestNG.java:1134)
at org.testng.TestNG.runSuites(TestNG.java:1063)
at org.testng.TestNG.run(TestNG.java:1031)
at com.intellij.rt.testng.IDEARemoteTestNG.run(IDEARemoteTestNG.java:66)
at com.intellij.rt.testng.RemoteTestNGStarter.main(RemoteTestNGStarter.java:109)
]]>
    </error>
  </testcase> <!-- PerformCall -->
  <system-out/>
  <testcase classname="tests.ApiTest" name="GetAllTodos" time="0.107"/>
  <system-out/>
  <testcase classname="tests.ApiTest" name="GetAllPosts" time="0.112"/>
  <system-out/>
  <testcase classname="tests.ApiTest" name="GetAllTodoOfTheUser" time="0.186"/>
  <system-out/>
  <testcase classname="tests.ApiTest" name="GetAllUsers" time="0.089"/>
  <system-out/>
  <testcase classname="tests.ApiTest" name="GetAllAlbums" time="0.101"/>
  <system-out/>
  <testcase classname="tests.ApiTest" name="DeleteThePost" time="0.975"/>
  <system-out/>
  <testcase classname="tests.ApiTest" name="DeleteTheUser" time="0.336"/>
  <system-out/>
  <testcase classname="tests.ApiTest" name="GetAllPostOfTheUser" time="0.316"/>
  <system-out/>
</testsuite> <!-- tests.ApiTest -->
